{
  "RSpec": {
    "coverage": {
      "/Users/kn/fork_and_spoon/fork_and_spoon/app/models/category.rb": {
        "lines": [
          1,
          1,
          1,
          null,
          null,
          null
        ]
      },
      "/Users/kn/fork_and_spoon/fork_and_spoon/app/models/application_record.rb": {
        "lines": [
          1,
          1,
          null
        ]
      },
      "/Users/kn/fork_and_spoon/fork_and_spoon/app/models/dish.rb": {
        "lines": [
          1,
          1,
          1,
          1,
          null
        ]
      },
      "/Users/kn/fork_and_spoon/fork_and_spoon/app/models/sub_category.rb": {
        "lines": [
          1,
          1,
          1,
          1,
          null
        ]
      },
      "/Users/kn/fork_and_spoon/fork_and_spoon/app/mailers/application_mailer.rb": {
        "lines": [
          0,
          0,
          0,
          0
        ],
        "branches": {
        }
      },
      "/Users/kn/fork_and_spoon/fork_and_spoon/app/models/menu.rb": {
        "lines": [
          0,
          0,
          0,
          0
        ],
        "branches": {
        }
      },
      "/Users/kn/fork_and_spoon/fork_and_spoon/app/jobs/application_job.rb": {
        "lines": [
          0,
          0
        ],
        "branches": {
        }
      },
      "/Users/kn/fork_and_spoon/fork_and_spoon/app/controllers/lunch_controller.rb": {
        "lines": [
          0,
          0,
          0,
          0,
          0,
          0
        ],
        "branches": {
        }
      },
      "/Users/kn/fork_and_spoon/fork_and_spoon/app/controllers/application_controller.rb": {
        "lines": [
          0,
          0
        ],
        "branches": {
        }
      },
      "/Users/kn/fork_and_spoon/fork_and_spoon/app/controllers/breakfast_controller.rb": {
        "lines": [
          0,
          0,
          0,
          0,
          0,
          null,
          0
        ],
        "branches": {
        }
      },
      "/Users/kn/fork_and_spoon/fork_and_spoon/app/controllers/drinks_controller.rb": {
        "lines": [
          0,
          0,
          0,
          0,
          0,
          0
        ],
        "branches": {
        }
      },
      "/Users/kn/fork_and_spoon/fork_and_spoon/app/controllers/menu_controller.rb": {
        "lines": [
          0,
          null,
          0,
          0,
          0,
          0,
          0,
          0,
          null,
          0,
          null,
          0
        ],
        "branches": {
        }
      },
      "/Users/kn/fork_and_spoon/fork_and_spoon/app/controllers/welcome_controller.rb": {
        "lines": [
          0,
          null,
          0,
          null,
          0,
          null,
          0
        ],
        "branches": {
        }
      },
      "/Users/kn/fork_and_spoon/fork_and_spoon/app/helpers/breakfast_helper.rb": {
        "lines": [
          0,
          0
        ],
        "branches": {
        }
      },
      "/Users/kn/fork_and_spoon/fork_and_spoon/app/helpers/welcome_helper.rb": {
        "lines": [
          0,
          0
        ],
        "branches": {
        }
      },
      "/Users/kn/fork_and_spoon/fork_and_spoon/app/helpers/lunch_helper.rb": {
        "lines": [
          0,
          0
        ],
        "branches": {
        }
      },
      "/Users/kn/fork_and_spoon/fork_and_spoon/app/helpers/menu_helper.rb": {
        "lines": [
          0,
          0
        ],
        "branches": {
        }
      },
      "/Users/kn/fork_and_spoon/fork_and_spoon/app/helpers/drinks_helper.rb": {
        "lines": [
          0,
          0
        ],
        "branches": {
        }
      },
      "/Users/kn/fork_and_spoon/fork_and_spoon/app/helpers/categories_helper.rb": {
        "lines": [
          0,
          0
        ],
        "branches": {
        }
      },
      "/Users/kn/fork_and_spoon/fork_and_spoon/app/helpers/application_helper.rb": {
        "lines": [
          0,
          0
        ],
        "branches": {
        }
      },
      "/Users/kn/fork_and_spoon/fork_and_spoon/app/channels/application_cable/connection.rb": {
        "lines": [
          0,
          0,
          0,
          0
        ],
        "branches": {
        }
      },
      "/Users/kn/fork_and_spoon/fork_and_spoon/app/channels/application_cable/channel.rb": {
        "lines": [
          0,
          0,
          0,
          0
        ],
        "branches": {
        }
      }
    },
    "timestamp": 1620689399
  }
}
